<?xml version="1.0" encoding="UTF-8"?>
<!-- Generated by org.testng.reporters.JUnitReportReporter -->
<testsuite hostname="DESKTOP-4BSLIP7" failures="0" tests="1" name="Headless_Browser" time="5.556" errors="0" timestamp="2022-10-13T12:41:36 EDT" skipped="0">
  <testcase classname="Headless_Browser" name="Chromeoption" time="5.556"/>
  <system-out/>
</testsuite> <!-- Headless_Browser -->
