<?xml version="1.0" encoding="UTF-8"?>
<!-- Generated by org.testng.reporters.JUnitReportReporter -->
<testsuite hostname="DESKTOP-4BSLIP7" failures="0" tests="1" name="Screenshot.Screenshot_VisiblePage" time="5.487" errors="0" timestamp="2022-11-11T14:57:56 EST" skipped="0">
  <testcase classname="Screenshot.Screenshot_VisiblePage" name="TakeScreenShot" time="5.487"/>
  <system-out/>
</testsuite> <!-- Screenshot.Screenshot_VisiblePage -->
