<?xml version="1.0" encoding="UTF-8"?>
<!-- Generated by org.testng.reporters.JUnitReportReporter -->
<testsuite hostname="DESKTOP-4BSLIP7" failures="0" tests="1" name="automation.TestNG" time="4.739" errors="0" timestamp="2022-07-31T18:46:53 EDT" skipped="0">
  <testcase classname="automation.TestNG" name="checkingfirst" time="4.739"/>
  <system-out/>
</testsuite> <!-- automation.TestNG -->
